15:46:37.836 INFO - Selenium build info: version: '3.8.1', revision: '6e95a6684b'
15:46:37.836 INFO - Launching a standalone Selenium Server
2018-01-19 15:46:38.055:INFO::main: Logging initialized @722ms to org.seleniumhq.jetty9.util.log.StdErrLog
15:46:38.117 INFO - Using `new FirefoxOptions()` is preferred to `DesiredCapabilities.firefox()`
15:46:38.133 INFO - Using `new ChromeOptions()` is preferred to `DesiredCapabilities.chrome()`
15:46:38.133 INFO - Using `new EdgeOptions()` is preferred to `DesiredCapabilities.edge()`
15:46:38.133 INFO - Driver class not found: com.opera.core.systems.OperaDriver
15:46:38.133 INFO - Using `new OperaOptions()` is preferred to `DesiredCapabilities.operaBlink()`
15:46:38.133 INFO - Using `new SafariOptions()` is preferred to `DesiredCapabilities.safari()`
15:46:38.133 INFO - Driver class not found: org.openqa.selenium.phantomjs.PhantomJSDriver
15:46:38.196 INFO - Driver provider class org.openqa.selenium.safari.SafariDriver registration is skipped:
 registration capabilities Capabilities {browserName: safari, platform: MAC, version: } does not match the current platform WIN10
15:46:38.258 INFO - Using `new ChromeOptions()` is preferred to `DesiredCapabilities.chrome()`
15:46:38.258 INFO - Using `new EdgeOptions()` is preferred to `DesiredCapabilities.edge()`
15:46:38.258 INFO - Using `new FirefoxOptions()` is preferred to `DesiredCapabilities.firefox()`
15:46:38.258 INFO - Using `new OperaOptions()` is preferred to `DesiredCapabilities.operaBlink()`
15:46:38.258 INFO - Using `new SafariOptions()` is preferred to `DesiredCapabilities.safari()`
15:46:38.274 INFO - Using the passthrough mode handler
2018-01-19 15:46:38.305:INFO:osjs.Server:main: jetty-9.4.7.v20170914
2018-01-19 15:46:38.336:WARN:osjs.SecurityHandler:main: ServletContext@o.s.j.s.ServletContextHandler@4681c175{/,null,STARTING} has uncovered http methods for path: /
2018-01-19 15:46:38.336:INFO:osjsh.ContextHandler:main: Started o.s.j.s.ServletContextHandler@4681c175{/,null,AVAILABLE}
2018-01-19 15:46:38.459:INFO:osjs.AbstractConnector:main: Started ServerConnector@20bd8be5{HTTP/1.1,[http/1.1]}{0.0.0.0:4445}
2018-01-19 15:46:38.459:INFO:osjs.Server:main: Started @1123ms
15:46:38.459 INFO - Selenium Server is up and running
2018-01-19 15:46:38.834:INFO:osjshC.ROOT:qtp1766505436-16: org.openqa.selenium.remote.server.WebDriverServlet-51e69659: Initialising WebDriverServlet
15:46:38.884 INFO - Found handler: org.openqa.selenium.remote.server.commandhandler.BeginSession@2245ddf6
15:46:38.892 INFO - /session: Executing POST on /session (handler: BeginSession)
15:46:38.948 INFO - Capabilities are: Capabilities {acceptSslCerts: true, browserName: chrome, javascriptEnabled: true, name: Tests}
15:46:38.948 INFO - Capabilities {acceptSslCerts: true, browserName: chrome, javascriptEnabled: true, name: Tests} matched class org.openqa.selenium.remote.server.ServicedSession$Factory (provider: org.openqa.selenium.chrome.ChromeDriverService)
Starting ChromeDriver 2.33.506120 (e3e53437346286c0bc2d2dc9aa4915ba81d9023f) on port 8625
Only local connections are allowed.
15:46:41.755 INFO - Detected dialect: OSS
15:46:42.317 INFO - Found handler: org.openqa.selenium.remote.server.ServicedSession@47518a89
15:46:42.318 INFO - Handler thread for session 5b87a93928ba26fc5739cfd6881acaf7 (chrome): Executing POST on /session/5b87a93928ba26fc5739cfd6881acaf7/url (handler: ServicedSession)
15:46:42.319 INFO - To upstream: {"url":"http://localhost:3000"}
15:46:44.408 INFO - To downstream: {"sessionId":"5b87a93928ba26fc5739cfd6881acaf7","status":0,"value":null}
15:46:44.422 INFO - Found handler: org.openqa.selenium.remote.server.ServicedSession@47518a89
15:46:44.422 INFO - Handler thread for session 5b87a93928ba26fc5739cfd6881acaf7 (chrome): Executing POST on /session/5b87a93928ba26fc5739cfd6881acaf7/element (handler: ServicedSession)
15:46:44.425 INFO - To upstream: {"using":"css selector","value":"input[name=\"evenOddInput\"]"}
15:46:44.463 INFO - To downstream: {"sessionId":"5b87a93928ba26fc5739cfd6881acaf7","status":0,"value":{"ELEMENT":"0.4414621373361274-1"}}
15:46:44.469 INFO - Found handler: org.openqa.selenium.remote.server.ServicedSession@47518a89
15:46:44.469 INFO - Handler thread for session 5b87a93928ba26fc5739cfd6881acaf7 (chrome): Executing POST on /session/5b87a93928ba26fc5739cfd6881acaf7/element/0.4414621373361274-1/value (handler: ServicedSession)
15:46:44.471 INFO - To upstream: {"value":["1",",","2",",","3",",","4",",","5",",","6",",","7",",","8",",","9",",","1","0"]}
15:46:44.693 INFO - To downstream: {"sessionId":"5b87a93928ba26fc5739cfd6881acaf7","status":0,"value":null}
15:46:44.713 INFO - Found handler: org.openqa.selenium.remote.server.ServicedSession@47518a89
15:46:44.717 INFO - Handler thread for session 5b87a93928ba26fc5739cfd6881acaf7 (chrome): Executing POST on /session/5b87a93928ba26fc5739cfd6881acaf7/element (handler: ServicedSession)
15:46:44.725 INFO - To upstream: {"using":"css selector","value":"button[name=\"evenOddButton\"]"}
15:46:44.745 INFO - To downstream: {"sessionId":"5b87a93928ba26fc5739cfd6881acaf7","status":0,"value":{"ELEMENT":"0.4414621373361274-2"}}
15:46:44.761 INFO - Found handler: org.openqa.selenium.remote.server.ServicedSession@47518a89
15:46:44.765 INFO - Handler thread for session 5b87a93928ba26fc5739cfd6881acaf7 (chrome): Executing POST on /session/5b87a93928ba26fc5739cfd6881acaf7/element/0.4414621373361274-2/click (handler: ServicedSession)
15:46:44.770 INFO - To upstream: 
15:46:44.821 INFO - To downstream: {"sessionId":"5b87a93928ba26fc5739cfd6881acaf7","status":0,"value":null}
15:46:44.829 INFO - Found handler: org.openqa.selenium.remote.server.ServicedSession@47518a89
15:46:44.829 INFO - Handler thread for session 5b87a93928ba26fc5739cfd6881acaf7 (chrome): Executing POST on /session/5b87a93928ba26fc5739cfd6881acaf7/elements (handler: ServicedSession)
15:46:44.829 INFO - To upstream: {"using":"css selector","value":"span[name=\"evenResults\"]"}
15:46:44.861 INFO - To downstream: {"sessionId":"5b87a93928ba26fc5739cfd6881acaf7","status":0,"value":[{"ELEMENT":"0.4414621373361274-3"}]}
15:46:44.873 INFO - Found handler: org.openqa.selenium.remote.server.ServicedSession@47518a89
15:46:44.877 INFO - Handler thread for session 5b87a93928ba26fc5739cfd6881acaf7 (chrome): Executing GET on /session/5b87a93928ba26fc5739cfd6881acaf7/element/0.4414621373361274-3/text (handler: ServicedSession)
15:46:44.897 INFO - To downstream: {"sessionId":"5b87a93928ba26fc5739cfd6881acaf7","status":0,"value":"Evens: [2,4,6,8,10]"}
15:46:44.901 INFO - Found handler: org.openqa.selenium.remote.server.ServicedSession@47518a89
15:46:44.901 INFO - Handler thread for session 5b87a93928ba26fc5739cfd6881acaf7 (chrome): Executing POST on /session/5b87a93928ba26fc5739cfd6881acaf7/elements (handler: ServicedSession)
15:46:44.905 INFO - To upstream: {"using":"css selector","value":"span[name=\"oddResults\"]"}
15:46:44.921 INFO - To downstream: {"sessionId":"5b87a93928ba26fc5739cfd6881acaf7","status":0,"value":[{"ELEMENT":"0.4414621373361274-4"}]}
15:46:44.927 INFO - Found handler: org.openqa.selenium.remote.server.ServicedSession@47518a89
15:46:44.928 INFO - Handler thread for session 5b87a93928ba26fc5739cfd6881acaf7 (chrome): Executing GET on /session/5b87a93928ba26fc5739cfd6881acaf7/element/0.4414621373361274-4/text (handler: ServicedSession)
15:46:44.956 INFO - To downstream: {"sessionId":"5b87a93928ba26fc5739cfd6881acaf7","status":0,"value":"Odds: [1,3,5,7,9]"}
15:46:44.965 INFO - Found handler: org.openqa.selenium.remote.server.ServicedSession@47518a89
15:46:44.965 INFO - Handler thread for session 5b87a93928ba26fc5739cfd6881acaf7 (chrome): Executing POST on /session/5b87a93928ba26fc5739cfd6881acaf7/url (handler: ServicedSession)
15:46:44.969 INFO - To upstream: {"url":"http://localhost:3000"}
15:46:45.227 INFO - To downstream: {"sessionId":"5b87a93928ba26fc5739cfd6881acaf7","status":0,"value":null}
15:46:45.235 INFO - Found handler: org.openqa.selenium.remote.server.ServicedSession@47518a89
15:46:45.235 INFO - Handler thread for session 5b87a93928ba26fc5739cfd6881acaf7 (chrome): Executing POST on /session/5b87a93928ba26fc5739cfd6881acaf7/element (handler: ServicedSession)
15:46:45.239 INFO - To upstream: {"using":"css selector","value":"input[name=\"objectFilterInput\"]"}
15:46:45.263 INFO - To downstream: {"sessionId":"5b87a93928ba26fc5739cfd6881acaf7","status":0,"value":{"ELEMENT":"0.9474323263398883-1"}}
15:46:45.268 INFO - Found handler: org.openqa.selenium.remote.server.ServicedSession@47518a89
15:46:45.268 INFO - Handler thread for session 5b87a93928ba26fc5739cfd6881acaf7 (chrome): Executing POST on /session/5b87a93928ba26fc5739cfd6881acaf7/element/0.9474323263398883-1/value (handler: ServicedSession)
15:46:45.268 INFO - To upstream: {"value":["n","a","m","e"]}
15:46:45.357 INFO - To downstream: {"sessionId":"5b87a93928ba26fc5739cfd6881acaf7","status":0,"value":null}
15:46:45.361 INFO - Found handler: org.openqa.selenium.remote.server.ServicedSession@47518a89
15:46:45.365 INFO - Handler thread for session 5b87a93928ba26fc5739cfd6881acaf7 (chrome): Executing POST on /session/5b87a93928ba26fc5739cfd6881acaf7/element (handler: ServicedSession)
15:46:45.369 INFO - To upstream: {"using":"css selector","value":"button[name=\"objectFilterButton\"]"}
15:46:45.393 INFO - To downstream: {"sessionId":"5b87a93928ba26fc5739cfd6881acaf7","status":0,"value":{"ELEMENT":"0.9474323263398883-2"}}
15:46:45.397 INFO - Found handler: org.openqa.selenium.remote.server.ServicedSession@47518a89
15:46:45.397 INFO - Handler thread for session 5b87a93928ba26fc5739cfd6881acaf7 (chrome): Executing POST on /session/5b87a93928ba26fc5739cfd6881acaf7/element/0.9474323263398883-2/click (handler: ServicedSession)
15:46:45.401 INFO - To upstream: 
15:46:45.448 INFO - To downstream: {"sessionId":"5b87a93928ba26fc5739cfd6881acaf7","status":0,"value":null}
15:46:45.452 INFO - Found handler: org.openqa.selenium.remote.server.ServicedSession@47518a89
15:46:45.452 INFO - Handler thread for session 5b87a93928ba26fc5739cfd6881acaf7 (chrome): Executing POST on /session/5b87a93928ba26fc5739cfd6881acaf7/elements (handler: ServicedSession)
15:46:45.456 INFO - To upstream: {"using":"css selector","value":"span[name=\"objectFilterResults\"]"}
15:46:45.476 INFO - To downstream: {"sessionId":"5b87a93928ba26fc5739cfd6881acaf7","status":0,"value":[{"ELEMENT":"0.9474323263398883-3"}]}
15:46:45.484 INFO - Found handler: org.openqa.selenium.remote.server.ServicedSession@47518a89
15:46:45.484 INFO - Handler thread for session 5b87a93928ba26fc5739cfd6881acaf7 (chrome): Executing GET on /session/5b87a93928ba26fc5739cfd6881acaf7/element/0.9474323263398883-3/text (handler: ServicedSession)
15:46:45.500 INFO - To downstream: {"sessionId":"5b87a93928ba26fc5739cfd6881acaf7","status":0,"value":"Filtered: [ { \"name\": \"Jimmy Joe\", \"title\": \"Hack0r\", \"age\": 12 }, { \"name\": \"Jeremy Schrader\", \"age\": 24, \"hairColor\": \"brown\" }, { \"name\": \"Carly Armstrong\", \"title\": \"CEO\" } ]"}
15:46:45.516 INFO - Found handler: org.openqa.selenium.remote.server.ServicedSession@47518a89
15:46:45.516 INFO - Handler thread for session 5b87a93928ba26fc5739cfd6881acaf7 (chrome): Executing POST on /session/5b87a93928ba26fc5739cfd6881acaf7/url (handler: ServicedSession)
15:46:45.519 INFO - To upstream: {"url":"http://localhost:3000"}
15:46:45.640 INFO - To downstream: {"sessionId":"5b87a93928ba26fc5739cfd6881acaf7","status":0,"value":null}
15:46:45.647 INFO - Found handler: org.openqa.selenium.remote.server.ServicedSession@47518a89
15:46:45.648 INFO - Handler thread for session 5b87a93928ba26fc5739cfd6881acaf7 (chrome): Executing POST on /session/5b87a93928ba26fc5739cfd6881acaf7/element (handler: ServicedSession)
15:46:45.652 INFO - To upstream: {"using":"css selector","value":"input[id=\"nameFilterInput\"]"}
15:46:45.682 INFO - To downstream: {"sessionId":"5b87a93928ba26fc5739cfd6881acaf7","status":0,"value":{"ELEMENT":"0.9878751139687891-1"}}
15:46:45.682 INFO - Found handler: org.openqa.selenium.remote.server.ServicedSession@47518a89
15:46:45.682 INFO - Handler thread for session 5b87a93928ba26fc5739cfd6881acaf7 (chrome): Executing POST on /session/5b87a93928ba26fc5739cfd6881acaf7/element/0.9878751139687891-1/value (handler: ServicedSession)
15:46:45.697 INFO - To upstream: {"value":["i"]}
15:46:45.743 INFO - To downstream: {"sessionId":"5b87a93928ba26fc5739cfd6881acaf7","status":0,"value":null}
15:46:45.763 INFO - Found handler: org.openqa.selenium.remote.server.ServicedSession@47518a89
15:46:45.763 INFO - Handler thread for session 5b87a93928ba26fc5739cfd6881acaf7 (chrome): Executing POST on /session/5b87a93928ba26fc5739cfd6881acaf7/element (handler: ServicedSession)
15:46:45.771 INFO - To upstream: {"using":"css selector","value":"button[id=\"nameFilterButton\"]"}
15:46:45.783 INFO - To downstream: {"sessionId":"5b87a93928ba26fc5739cfd6881acaf7","status":0,"value":{"ELEMENT":"0.9878751139687891-2"}}
15:46:45.783 INFO - Found handler: org.openqa.selenium.remote.server.ServicedSession@47518a89
15:46:45.783 INFO - Handler thread for session 5b87a93928ba26fc5739cfd6881acaf7 (chrome): Executing POST on /session/5b87a93928ba26fc5739cfd6881acaf7/element/0.9878751139687891-2/click (handler: ServicedSession)
15:46:45.783 INFO - To upstream: 
15:46:45.842 INFO - To downstream: {"sessionId":"5b87a93928ba26fc5739cfd6881acaf7","status":0,"value":null}
15:46:45.854 INFO - Found handler: org.openqa.selenium.remote.server.ServicedSession@47518a89
15:46:45.854 INFO - Handler thread for session 5b87a93928ba26fc5739cfd6881acaf7 (chrome): Executing POST on /session/5b87a93928ba26fc5739cfd6881acaf7/elements (handler: ServicedSession)
15:46:45.858 INFO - To upstream: {"using":"css selector","value":"span[name=\"nameFilterResults\"]"}
15:46:45.878 INFO - To downstream: {"sessionId":"5b87a93928ba26fc5739cfd6881acaf7","status":0,"value":[{"ELEMENT":"0.9878751139687891-3"}]}
15:46:45.890 INFO - Found handler: org.openqa.selenium.remote.server.ServicedSession@47518a89
15:46:45.890 INFO - Handler thread for session 5b87a93928ba26fc5739cfd6881acaf7 (chrome): Executing GET on /session/5b87a93928ba26fc5739cfd6881acaf7/element/0.9878751139687891-3/text (handler: ServicedSession)
15:46:45.911 INFO - To downstream: {"sessionId":"5b87a93928ba26fc5739cfd6881acaf7","status":0,"value":"Filtered Names: [ \"Jessica\", \"Jennifer\" ]"}
15:46:45.911 INFO - Found handler: org.openqa.selenium.remote.server.ServicedSession@47518a89
15:46:45.911 INFO - Handler thread for session 5b87a93928ba26fc5739cfd6881acaf7 (chrome): Executing POST on /session/5b87a93928ba26fc5739cfd6881acaf7/url (handler: ServicedSession)
15:46:45.911 INFO - To upstream: {"url":"http://localhost:3000"}
15:46:46.043 INFO - To downstream: {"sessionId":"5b87a93928ba26fc5739cfd6881acaf7","status":0,"value":null}
15:46:46.049 INFO - Found handler: org.openqa.selenium.remote.server.ServicedSession@47518a89
15:46:46.049 INFO - Handler thread for session 5b87a93928ba26fc5739cfd6881acaf7 (chrome): Executing POST on /session/5b87a93928ba26fc5739cfd6881acaf7/element (handler: ServicedSession)
15:46:46.052 INFO - To upstream: {"using":"css selector","value":"input[name=\"palindromeInput\"]"}
15:46:46.103 INFO - To downstream: {"sessionId":"5b87a93928ba26fc5739cfd6881acaf7","status":0,"value":{"ELEMENT":"0.5614645566309626-1"}}
15:46:46.107 INFO - Found handler: org.openqa.selenium.remote.server.ServicedSession@47518a89
15:46:46.107 INFO - Handler thread for session 5b87a93928ba26fc5739cfd6881acaf7 (chrome): Executing POST on /session/5b87a93928ba26fc5739cfd6881acaf7/element/0.5614645566309626-1/value (handler: ServicedSession)
15:46:46.107 INFO - To upstream: {"value":["a","b","u","t","t","u","b","a"]}
15:46:46.224 INFO - To downstream: {"sessionId":"5b87a93928ba26fc5739cfd6881acaf7","status":0,"value":null}
15:46:46.229 INFO - Found handler: org.openqa.selenium.remote.server.ServicedSession@47518a89
15:46:46.229 INFO - Handler thread for session 5b87a93928ba26fc5739cfd6881acaf7 (chrome): Executing POST on /session/5b87a93928ba26fc5739cfd6881acaf7/element (handler: ServicedSession)
15:46:46.230 INFO - To upstream: {"using":"css selector","value":"button[name=\"palindromeButton\"]"}
15:46:46.251 INFO - To downstream: {"sessionId":"5b87a93928ba26fc5739cfd6881acaf7","status":0,"value":{"ELEMENT":"0.5614645566309626-2"}}
15:46:46.255 INFO - Found handler: org.openqa.selenium.remote.server.ServicedSession@47518a89
15:46:46.255 INFO - Handler thread for session 5b87a93928ba26fc5739cfd6881acaf7 (chrome): Executing POST on /session/5b87a93928ba26fc5739cfd6881acaf7/element/0.5614645566309626-2/click (handler: ServicedSession)
15:46:46.259 INFO - To upstream: 
15:46:46.310 INFO - To downstream: {"sessionId":"5b87a93928ba26fc5739cfd6881acaf7","status":0,"value":null}
15:46:46.314 INFO - Found handler: org.openqa.selenium.remote.server.ServicedSession@47518a89
15:46:46.314 INFO - Handler thread for session 5b87a93928ba26fc5739cfd6881acaf7 (chrome): Executing POST on /session/5b87a93928ba26fc5739cfd6881acaf7/elements (handler: ServicedSession)
15:46:46.314 INFO - To upstream: {"using":"css selector","value":"span[name=\"palindromeResults\"]"}
15:46:46.338 INFO - To downstream: {"sessionId":"5b87a93928ba26fc5739cfd6881acaf7","status":0,"value":[{"ELEMENT":"0.5614645566309626-3"}]}
15:46:46.342 INFO - Found handler: org.openqa.selenium.remote.server.ServicedSession@47518a89
15:46:46.342 INFO - Handler thread for session 5b87a93928ba26fc5739cfd6881acaf7 (chrome): Executing GET on /session/5b87a93928ba26fc5739cfd6881acaf7/element/0.5614645566309626-3/text (handler: ServicedSession)
15:46:46.378 INFO - To downstream: {"sessionId":"5b87a93928ba26fc5739cfd6881acaf7","status":0,"value":"Palindrome: true"}
15:46:46.386 INFO - Found handler: org.openqa.selenium.remote.server.ServicedSession@47518a89
15:46:46.386 INFO - Handler thread for session 5b87a93928ba26fc5739cfd6881acaf7 (chrome): Executing POST on /session/5b87a93928ba26fc5739cfd6881acaf7/url (handler: ServicedSession)
15:46:46.390 INFO - To upstream: {"url":"http://localhost:3000"}
15:46:46.508 INFO - To downstream: {"sessionId":"5b87a93928ba26fc5739cfd6881acaf7","status":0,"value":null}
15:46:46.512 INFO - Found handler: org.openqa.selenium.remote.server.ServicedSession@47518a89
15:46:46.516 INFO - Handler thread for session 5b87a93928ba26fc5739cfd6881acaf7 (chrome): Executing POST on /session/5b87a93928ba26fc5739cfd6881acaf7/element (handler: ServicedSession)
15:46:46.516 INFO - To upstream: {"using":"css selector","value":"input[name=\"sumInput1\"]"}
15:46:46.544 INFO - To downstream: {"sessionId":"5b87a93928ba26fc5739cfd6881acaf7","status":0,"value":{"ELEMENT":"0.6305428813679403-1"}}
15:46:46.556 INFO - Found handler: org.openqa.selenium.remote.server.ServicedSession@47518a89
15:46:46.556 INFO - Handler thread for session 5b87a93928ba26fc5739cfd6881acaf7 (chrome): Executing POST on /session/5b87a93928ba26fc5739cfd6881acaf7/element/0.6305428813679403-1/value (handler: ServicedSession)
15:46:46.564 INFO - To upstream: {"value":["2"]}
15:46:46.608 INFO - To downstream: {"sessionId":"5b87a93928ba26fc5739cfd6881acaf7","status":0,"value":null}
15:46:46.616 INFO - Found handler: org.openqa.selenium.remote.server.ServicedSession@47518a89
15:46:46.616 INFO - Handler thread for session 5b87a93928ba26fc5739cfd6881acaf7 (chrome): Executing POST on /session/5b87a93928ba26fc5739cfd6881acaf7/element (handler: ServicedSession)
15:46:46.620 INFO - To upstream: {"using":"css selector","value":"input[name=\"sumInput2\"]"}
15:46:46.640 INFO - To downstream: {"sessionId":"5b87a93928ba26fc5739cfd6881acaf7","status":0,"value":{"ELEMENT":"0.6305428813679403-2"}}
15:46:46.644 INFO - Found handler: org.openqa.selenium.remote.server.ServicedSession@47518a89
15:46:46.648 INFO - Handler thread for session 5b87a93928ba26fc5739cfd6881acaf7 (chrome): Executing POST on /session/5b87a93928ba26fc5739cfd6881acaf7/element/0.6305428813679403-2/value (handler: ServicedSession)
15:46:46.652 INFO - To upstream: {"value":["1","0"]}
15:46:46.706 INFO - To downstream: {"sessionId":"5b87a93928ba26fc5739cfd6881acaf7","status":0,"value":null}
15:46:46.714 INFO - Found handler: org.openqa.selenium.remote.server.ServicedSession@47518a89
15:46:46.714 INFO - Handler thread for session 5b87a93928ba26fc5739cfd6881acaf7 (chrome): Executing POST on /session/5b87a93928ba26fc5739cfd6881acaf7/element (handler: ServicedSession)
15:46:46.718 INFO - To upstream: {"using":"css selector","value":"button[name=\"sumButton\"]"}
15:46:46.738 INFO - To downstream: {"sessionId":"5b87a93928ba26fc5739cfd6881acaf7","status":0,"value":{"ELEMENT":"0.6305428813679403-3"}}
15:46:46.742 INFO - Found handler: org.openqa.selenium.remote.server.ServicedSession@47518a89
15:46:46.746 INFO - Handler thread for session 5b87a93928ba26fc5739cfd6881acaf7 (chrome): Executing POST on /session/5b87a93928ba26fc5739cfd6881acaf7/element/0.6305428813679403-3/click (handler: ServicedSession)
15:46:46.746 INFO - To upstream: 
15:46:46.816 INFO - To downstream: {"sessionId":"5b87a93928ba26fc5739cfd6881acaf7","status":0,"value":null}
15:46:46.824 INFO - Found handler: org.openqa.selenium.remote.server.ServicedSession@47518a89
15:46:46.824 INFO - Handler thread for session 5b87a93928ba26fc5739cfd6881acaf7 (chrome): Executing POST on /session/5b87a93928ba26fc5739cfd6881acaf7/elements (handler: ServicedSession)
15:46:46.828 INFO - To upstream: {"using":"css selector","value":"span[name=\"sumResults\"]"}
15:46:46.852 INFO - To downstream: {"sessionId":"5b87a93928ba26fc5739cfd6881acaf7","status":0,"value":[{"ELEMENT":"0.6305428813679403-4"}]}
15:46:46.856 INFO - Found handler: org.openqa.selenium.remote.server.ServicedSession@47518a89
15:46:46.856 INFO - Handler thread for session 5b87a93928ba26fc5739cfd6881acaf7 (chrome): Executing GET on /session/5b87a93928ba26fc5739cfd6881acaf7/element/0.6305428813679403-4/text (handler: ServicedSession)
15:46:46.876 INFO - To downstream: {"sessionId":"5b87a93928ba26fc5739cfd6881acaf7","status":0,"value":"Sum: 12"}
15:46:46.884 INFO - Found handler: org.openqa.selenium.remote.server.ServicedSession@47518a89
15:46:46.888 INFO - Handler thread for session 5b87a93928ba26fc5739cfd6881acaf7 (chrome): Executing DELETE on /session/5b87a93928ba26fc5739cfd6881acaf7 (handler: ServicedSession)
15:46:47.082 INFO - To downstream: {"sessionId":"5b87a93928ba26fc5739cfd6881acaf7","status":0,"value":null}
15:46:47.082 INFO - Removing session org.openqa.selenium.remote.server.ServicedSession@47518a89
